生成启动时间为 2012/6/29 20:06:49。
     1>项目“F:\Monitor_70333\Monitor\Monitor\Monitor.vcxproj”在节点 2 上(build 个目标)。
     1>InitializeBuildStatus:
         正在创建“Debug\Monitor.unsuccessfulbuild”，因为已指定“AlwaysCreate”。
       ClCompile:
         所有输出均为最新。
         所有输出均为最新。
       ResourceCompile:
         C:\Program Files\Microsoft SDKs\Windows\v7.0A\bin\rc.exe /D _DEBUG /D _UNICODE /D UNICODE /D _AFXDLL /l"0x0804" /IDebug\ /nologo /fo"Debug\Monitor.res" Monitor.rc 
       ManifestResourceCompile:
         所有输出均为最新。
       Link:
         D:\Program Files\Microsoft Visual Studio 10.0\VC\bin\link.exe /ERRORREPORT:PROMPT /OUT:"F:\Monitor_70333\Monitor\Debug\Monitor.exe" /INCREMENTAL /NOLOGO /MANIFEST /ManifestFile:"Debug\Monitor.exe.intermediate.manifest" /MANIFESTUAC:"level='asInvoker' uiAccess='false'" /DEBUG /PDB:"F:\Monitor_70333\Monitor\Debug\Monitor.pdb" /SUBSYSTEM:WINDOWS /TLBID:1 /ENTRY:"wWinMainCRTStartup" /DYNAMICBASE /NXCOMPAT /IMPLIB:"F:\Monitor_70333\Monitor\Debug\Monitor.lib" /MACHINE:X86 Debug\Monitor.res
         Debug\Monitor.exe.embed.manifest.res
         Debug\FunctionsInfor.obj
         Debug\Monitor.obj
         Debug\MonitorDlg.obj
         Debug\RemThreadInjector.obj
         Debug\ShareMemory.obj
         Debug\stdafx.obj
       Manifest:
         C:\Program Files\Microsoft SDKs\Windows\v7.0A\bin\mt.exe /nologo /verbose /out:"Debug\Monitor.exe.embed.manifest" /manifest Debug\Monitor.exe.intermediate.manifest "D:\Program Files\Microsoft Visual Studio 10.0\VC\Include\Manifest\dpiaware.manifest"
         所有输出均为最新。
       LinkEmbedManifest:
         所有输出均为最新。
         Monitor.vcxproj -> F:\Monitor_70333\Monitor\Debug\Monitor.exe
       FinalizeBuildStatus:
         正在删除文件“Debug\Monitor.unsuccessfulbuild”。
         正在对“Debug\Monitor.lastbuildstate”执行 Touch 任务。
     1>已完成生成项目“F:\Monitor_70333\Monitor\Monitor\Monitor.vcxproj”(build 个目标)的操作。

生成成功。

已用时间 00:00:02.29
